Remove Pin=D3-1 From Net=STATUS_LED1
Remove Pin=D4-1 From Net=STATUS_LED2
Remove Pin=J2-3 From Net=MS_CAN_H
Remove Pin=J2-6 From Net=HS_CAN_H
Remove Pin=J2-11 From Net=MS_CAN_L
Remove Pin=J2-14 From Net=HS_CAN_L
Remove Pin=J3A-A5 From Net=USB_CC1
Remove Pin=J3A-A6 From Net=USB_DP_U
Remove Pin=J3A-A7 From Net=USB_DM_U
Remove Pin=J3B-B6 From Net=USB_DP_U
Remove Pin=J3B-B7 From Net=USB_DM_U
Remove Pin=J3B-B8 From Net=USB_CC2
Remove Pin=R1-2 From Net=USB_CC1
Remove Pin=R2-2 From Net=USB_CC2
Remove Pin=R13-2 From Net=BOOT0
Remove Pin=R14-2 From Net=BOOT1
Remove Pin=U1_CAN_Interface1-1 From Net=CAN_TX
Remove Pin=U1_CAN_Interface1-4 From Net=CAN_RX
Remove Pin=U1_CAN_Interface1-8 From Net=CAN_TXE
Remove Pin=U2-1 From Net=USB_DP_U
Remove Pin=U2-3 From Net=USB_DM_U
Remove Pin=U2-4 From Net=USB_DM
Remove Pin=U2-6 From Net=USB_DP
Remove Pin=U5A-8 From Net=V_SENSE
Remove Pin=U5A-22 From Net=STATUS_LED1
Remove Pin=U5A-23 From Net=STATUS_LED2
Remove Pin=U5A-28 From Net=BOOT1
Remove Pin=U5A-29 From Net=CAN1_TXE
Remove Pin=U5A-44 From Net=USB_DM
Remove Pin=U5A-45 From Net=USB_DP
Remove Pin=U5A-46 From Net=JTMS_SWDIO
Remove Pin=U5A-49 From Net=JTCK_SWCLK
Remove Pin=U5A-50 From Net=JTDI
Remove Pin=U5A-55 From Net=JTDO_SWO
Remove Pin=U5A-57 From Net=CAN2_RX
Remove Pin=U5A-58 From Net=CAN2_TX
Remove Pin=U5A-59 From Net=CAN2_TXE
Remove Pin=U5A-60 From Net=BOOT0
Remove Pin=U5A-61 From Net=CAN1_RX
Remove Pin=U5A-62 From Net=CAN1_TX
