Removed Pin From Net: NetName=GND Pin=J3-2
Removed Pin From Net: NetName=GND Pin=J3-3
Removed Pin From Net: NetName=GND Pin=J3-4
Removed Pin From Net: NetName=GND Pin=J3-A1
Removed Pin From Net: NetName=+5V_USB Pin=J3-A4
Removed Pin From Net: NetName=USB_CC1 Pin=J3-A5
Removed Pin From Net: NetName=USB_DU_P Pin=J3-A6
Removed Pin From Net: NetName=USB_DU_N Pin=J3-A7
Removed Pin From Net: NetName=+5V_USB Pin=J3-A9
Removed Pin From Net: NetName=GND Pin=J3-A12
Removed Pin From Net: NetName=GND Pin=J3-B1
Removed Pin From Net: NetName=+5V_USB Pin=J3-B4
Removed Pin From Net: NetName=USB_DU_P Pin=J3-B6
Removed Pin From Net: NetName=USB_DU_N Pin=J3-B7
Removed Pin From Net: NetName=USB_CC2 Pin=J3-B8
Removed Pin From Net: NetName=+5V_USB Pin=J3-B9
Removed Pin From Net: NetName=GND Pin=J3-B12
Change Component Footprint: Designator=J3 Old Footprint=1054500101 New Footprint=TYPE-C-31-M-12
Change Component Comment : Designator=J3 Old Comment=1054500101 New Comment=TYPE-C-31-M-12
Change component parameters: Designator = "J3" ("J3"); Footprint = "1054500101"; UniqueID = "\UPYYUWOI\ZHDMFYLL" ("\UPYYUWOI\ZHDMFYLL")
Change component parameters (AddParameter): Name = "ComponentLink1Description"; Value = "Datasheet"; VariantName = "[No Variations]"
Change component parameters (AddParameter): Name = "ComponentLink1URL"; Value = "https://datasheet.lcsc.com/lcsc/2205251630_Korean-Hroparts-Elec-TYPE-C-31-M-12_C165948.pdf"; VariantName = "[No Variations]"
Change component parameters (AddParameter): Name = "Part Number"; Value = "TYPE-C-31-M-12"; VariantName = "[No Variations]"
Change component parameters (AddParameter): Name = "Pin Count"; Value = "12"; VariantName = "[No Variations]"
Added Pin To Net: NetName=+5V_USB Pin=J3-2
Added Pin To Net: NetName=USB_CC1 Pin=J3-4
Added Pin To Net: NetName=USB_DU_N Pin=J3-5
Added Pin To Net: NetName=USB_DU_P Pin=J3-6
Added Pin To Net: NetName=USB_DU_N Pin=J3-7
Added Pin To Net: NetName=USB_DU_P Pin=J3-8
Added Pin To Net: NetName=USB_CC2 Pin=J3-10
Added Pin To Net: NetName=+5V_USB Pin=J3-11
Added Pin To Net: NetName=GND Pin=J3-12
Added Pin To Net: NetName=GND Pin=J3-13
Added Pin To Net: NetName=GND Pin=J3-14
Added Pin To Net: NetName=GND Pin=J3-15
Added Pin To Net: NetName=GND Pin=J3-16
