Added Component: Designator=J3(TYPE-C-31-M-12)
Add component (AddParameter): Name = "ComponentLink1Description"; Value = "Datasheet"; VariantName = "[No Variations]"
Add component (AddParameter): Name = "ComponentLink1URL"; Value = "https://datasheet.lcsc.com/lcsc/2205251630_Korean-Hroparts-Elec-TYPE-C-31-M-12_C165948.pdf"; VariantName = "[No Variations]"
Add component (AddParameter): Name = "Part Number"; Value = "TYPE-C-31-M-12"; VariantName = "[No Variations]"
Add component (AddParameter): Name = "Pin Count"; Value = "12"; VariantName = "[No Variations]"
Added Pin To Net: NetName=GND Pin=J3-1
Added Pin To Net: NetName=+5V_USB Pin=J3-2
Added Pin To Net: NetName=USB_CC1 Pin=J3-4
Added Pin To Net: NetName=USB_DU_N Pin=J3-5
Added Pin To Net: NetName=USB_DU_P Pin=J3-6
Added Pin To Net: NetName=USB_DU_N Pin=J3-7
Added Pin To Net: NetName=USB_DU_P Pin=J3-8
Added Pin To Net: NetName=USB_CC2 Pin=J3-10
Added Pin To Net: NetName=+5V_USB Pin=J3-11
Added Pin To Net: NetName=GND Pin=J3-12
Added Pin To Net: NetName=GND Pin=J3-13
Added Pin To Net: NetName=GND Pin=J3-14
Added Pin To Net: NetName=GND Pin=J3-15
Added Pin To Net: NetName=GND Pin=J3-16
Added Member To Class: ClassName=USB Member=Component J3 TYPE-C-31-M-12
