Removed Pin From Net: NetName=+3V3 Pin=C9-1
Removed Pin From Net: NetName=GND Pin=C9-2
Removed Pin From Net: NetName=GND Pin=C18-1
Removed Pin From Net: NetName=RESET Pin=C18-2
Removed Pin From Net: NetName=GND Pin=X2-2
Removed Pin From Net: NetName=GND Pin=X2-4
Change Component Footprint: Designator=C9 Old Footprint=0805 SMD Cap New Footprint=0603 SMD CAP
Change Component Footprint: Designator=C11 Old Footprint=0805 SMD Cap New Footprint=0603 SMD CAP
Change Component Footprint: Designator=C14 Old Footprint=0805 SMD Cap New Footprint=0603 SMD CAP
Change Component Footprint: Designator=C15 Old Footprint=0805 SMD Cap New Footprint=0603 SMD CAP
Change Component Footprint: Designator=C16 Old Footprint=0805 SMD Cap New Footprint=0603 SMD CAP
Change Component Footprint: Designator=C18 Old Footprint=0805 SMD Cap New Footprint=0603 SMD CAP
Change component parameters: Designator = "C9" ("C9"); Footprint = "0805 SMD Cap"; UniqueID = "\AUXVKKJO\USRBKMTP" ("\AUXVKKJO\USRBKMTP")
Change component parameters (AddParameter): Name = "ComponentLink1Description"; Value = "LCSC"; VariantName = "[No Variations]"
Change component parameters (AddParameter): Name = "ComponentLink1URL"; Value = "https://lcsc.com/product-detail/Multilayer-Ceramic-Capacitors-MLCC-SMD-SMT_Samsung-Electro-Mechanics-CL10B104KA8NNNC_C1590.html"; VariantName = "[No Variations]"
Change component parameters (AddParameter): Name = "Part Number"; Value = "CL10B104KA8NNNC"; VariantName = "[No Variations]"
Change component parameters: Designator = "C11" ("C11"); Footprint = "0805 SMD Cap"; UniqueID = "\AUXVKKJO\YREOXTAE" ("\AUXVKKJO\YREOXTAE")
Change component parameters (AddParameter): Name = "ComponentLink1Description"; Value = "LCSC"; VariantName = "[No Variations]"
Change component parameters (AddParameter): Name = "ComponentLink1URL"; Value = "https://lcsc.com/product-detail/Multilayer-Ceramic-Capacitors-MLCC-SMD-SMT_Samsung-Electro-Mechanics-CL10B104KA8NNNC_C1590.html"; VariantName = "[No Variations]"
Change component parameters (AddParameter): Name = "Part Number"; Value = "CL10B104KA8NNNC"; VariantName = "[No Variations]"
Change component parameters: Designator = "C14" ("C14"); Footprint = "0805 SMD Cap"; UniqueID = "\AUXVKKJO\KJNQRYLO" ("\AUXVKKJO\KJNQRYLO")
Change component parameters (AddParameter): Name = "ComponentLink1Description"; Value = "LCSC"; VariantName = "[No Variations]"
Change component parameters (AddParameter): Name = "ComponentLink1URL"; Value = "https://lcsc.com/product-detail/Multilayer-Ceramic-Capacitors-MLCC-SMD-SMT_Samsung-Electro-Mechanics-CL10B104KA8NNNC_C1590.html"; VariantName = "[No Variations]"
Change component parameters (AddParameter): Name = "Part Number"; Value = "CL10B104KA8NNNC"; VariantName = "[No Variations]"
Change component parameters: Designator = "C15" ("C15"); Footprint = "0805 SMD Cap"; UniqueID = "\AUXVKKJO\OLWBSXZV" ("\AUXVKKJO\OLWBSXZV")
Change component parameters (AddParameter): Name = "ComponentLink1Description"; Value = "LCSC"; VariantName = "[No Variations]"
Change component parameters (AddParameter): Name = "ComponentLink1URL"; Value = "https://lcsc.com/product-detail/Multilayer-Ceramic-Capacitors-MLCC-SMD-SMT_Samsung-Electro-Mechanics-CL10B104KA8NNNC_C1590.html"; VariantName = "[No Variations]"
Change component parameters (AddParameter): Name = "Part Number"; Value = "CL10B104KA8NNNC"; VariantName = "[No Variations]"
Change component parameters: Designator = "C16" ("C16"); Footprint = "0805 SMD Cap"; UniqueID = "\AUXVKKJO\HPQGWDNJ" ("\AUXVKKJO\HPQGWDNJ")
Change component parameters (AddParameter): Name = "ComponentLink1Description"; Value = "LCSC"; VariantName = "[No Variations]"
Change component parameters (AddParameter): Name = "ComponentLink1URL"; Value = "https://lcsc.com/product-detail/Multilayer-Ceramic-Capacitors-MLCC-SMD-SMT_Samsung-Electro-Mechanics-CL10B104KA8NNNC_C1590.html"; VariantName = "[No Variations]"
Change component parameters (AddParameter): Name = "Part Number"; Value = "CL10B104KA8NNNC"; VariantName = "[No Variations]"
Change component parameters: Designator = "C18" ("C18"); Footprint = "0805 SMD Cap"; UniqueID = "\AUXVKKJO\TSTEPVNZ" ("\AUXVKKJO\TSTEPVNZ")
Change component parameters (AddParameter): Name = "ComponentLink1Description"; Value = "LCSC"; VariantName = "[No Variations]"
Change component parameters (AddParameter): Name = "ComponentLink1URL"; Value = "https://lcsc.com/product-detail/Multilayer-Ceramic-Capacitors-MLCC-SMD-SMT_Samsung-Electro-Mechanics-CL10B104KA8NNNC_C1590.html"; VariantName = "[No Variations]"
Change component parameters (AddParameter): Name = "Part Number"; Value = "CL10B104KA8NNNC"; VariantName = "[No Variations]"
Added Pin To Net: NetName=GND Pin=C9-1
Added Pin To Net: NetName=+3V3 Pin=C9-2
Added Pin To Net: NetName=RESET Pin=C18-1
Added Pin To Net: NetName=GND Pin=C18-2
Added Member To Class: ClassName=Microcontroller Member=Component R11 0
Added Member To Class: ClassName=Microcontroller Member=Component R12 0
Added Member To Class: ClassName=Microcontroller Member=Component R13 698
Added Member To Class: ClassName=Microcontroller Member=Component R14 698
