Added Component: Designator=C1_CAN_Interface1(0805 SMD Cap)
Add component (AddParameter): Name = "Part Number"; Value = "0805B104K500NT"; VariantName = "[No Variations]"
Added Component: Designator=C1_CAN_Interface2(0805 SMD Cap)
Add component (AddParameter): Name = "Part Number"; Value = "0805B104K500NT"; VariantName = "[No Variations]"
Added Component: Designator=C2(0603 SMD CAP)
Add component (AddParameter): Name = "Part Number"; Value = "CL10A106MA8NRNC"; VariantName = "[No Variations]"
Added Component: Designator=C3(0603 SMD CAP)
Add component (AddParameter): Name = "Part Number"; Value = "CL10A106MA8NRNC"; VariantName = "[No Variations]"
Added Component: Designator=C4(0805 SMD Cap)
Add component (AddParameter): Name = "Part Number"; Value = "0805B104K500NT"; VariantName = "[No Variations]"
Added Component: Designator=C5(0805 SMD Cap)
Add component (AddParameter): Name = "Part Number"; Value = "CL21A226MAYNNNE"; VariantName = "[No Variations]"
Added Component: Designator=C6(0805 SMD Cap)
Add component (AddParameter): Name = "Part Number"; Value = "CL21A226MAYNNNE"; VariantName = "[No Variations]"
Added Component: Designator=C7(0603 SMD CAP)
Add component (AddParameter): Name = "Part Number"; Value = "CC0603KRX5R8BB105"; VariantName = "[No Variations]"
Added Component: Designator=C8(0603 SMD CAP)
Add component (AddParameter): Name = "Part Number"; Value = "CC0603KRX5R8BB105"; VariantName = "[No Variations]"
Added Component: Designator=C9(0805 SMD Cap)
Add component (AddParameter): Name = "Part Number"; Value = "0805B104K500NT"; VariantName = "[No Variations]"
Added Component: Designator=C10(0603 SMD CAP)
Add component (AddParameter): Name = "Part Number"; Value = "CC0603KRX5R8BB105"; VariantName = "[No Variations]"
Added Component: Designator=C11(0805 SMD Cap)
Add component (AddParameter): Name = "Part Number"; Value = "0805B104K500NT"; VariantName = "[No Variations]"
Added Component: Designator=C12(0603 SMD CAP)
Add component (AddParameter): Name = "Part Number"; Value = "CC0603JRNPO9BN120"; VariantName = "[No Variations]"
Added Component: Designator=C13(0603 SMD CAP)
Add component (AddParameter): Name = "Part Number"; Value = "CC0603JRNPO9BN120"; VariantName = "[No Variations]"
Added Component: Designator=C14(0805 SMD Cap)
Add component (AddParameter): Name = "Part Number"; Value = "0805B104K500NT"; VariantName = "[No Variations]"
Added Component: Designator=C15(0805 SMD Cap)
Add component (AddParameter): Name = "Part Number"; Value = "0805B104K500NT"; VariantName = "[No Variations]"
Added Component: Designator=C16(0805 SMD Cap)
Add component (AddParameter): Name = "Part Number"; Value = "0805B104K500NT"; VariantName = "[No Variations]"
Added Component: Designator=C17(0603 SMD CAP)
Add component (AddParameter): Name = "Part Number"; Value = "CC0603KRX5R8BB105"; VariantName = "[No Variations]"
Added Component: Designator=C18(0805 SMD Cap)
Add component (AddParameter): Name = "Part Number"; Value = "0805B104K500NT"; VariantName = "[No Variations]"
Added Component: Designator=C19(0805 SMD Cap)
Add component (AddParameter): Name = "Part Number"; Value = "CC0805JRNPO9BN100"; VariantName = "[No Variations]"
Added Component: Designator=C20(0805 SMD Cap)
Add component (AddParameter): Name = "Part Number"; Value = "CC0805JRNPO9BN100"; VariantName = "[No Variations]"
Added Component: Designator=D1(SOD-323)
Add component (AddParameter): Name = "ComponentLink1Description"; Value = "LCSC"; VariantName = "[No Variations]"
Add component (AddParameter): Name = "ComponentLink1URL"; Value = "https://lcsc.com/product-detail/Schottky-Barrier-Diodes-SBD_Shandong-Jingdao-Microelectronics-B5817WS_C123899.html"; VariantName = "[No Variations]"
Add component (AddParameter): Name = "Part Number"; Value = "B5817WS"; VariantName = "[No Variations]"
Added Component: Designator=D2(0603 SMD LED)
Add component (AddParameter): Name = "ComponentLink1Description"; Value = "Datasheet"; VariantName = "[No Variations]"
Add component (AddParameter): Name = "ComponentLink1URL"; Value = "https://datasheet.lcsc.com/lcsc/1912111437_Yongyu-Photoelectric-SZYY0603W_C434422.pdf"; VariantName = "[No Variations]"
Add component (AddParameter): Name = "Part Number"; Value = "SZYY0603W"; VariantName = "[No Variations]"
Added Component: Designator=D3(0603 SMD LED)
Add component (AddParameter): Name = "ComponentLink1Description"; Value = "Datasheet"; VariantName = "[No Variations]"
Add component (AddParameter): Name = "ComponentLink1URL"; Value = "https://datasheet.lcsc.com/lcsc/1811101510_Everlight-Elec-19-217-GHC-YR1S2-3T_C72043.pdf"; VariantName = "[No Variations]"
Add component (AddParameter): Name = "Part Number"; Value = "19-217/GHC-YR1S2/3T"; VariantName = "[No Variations]"
Added Component: Designator=D4(0603 SMD LED)
Add component (AddParameter): Name = "ComponentLink1Description"; Value = "Datasheet"; VariantName = "[No Variations]"
Add component (AddParameter): Name = "ComponentLink1URL"; Value = "https://datasheet.lcsc.com/lcsc/2211030000_XINGLIGHT-XL-1608BGWC-06_C965809.pdf"; VariantName = "[No Variations]"
Add component (AddParameter): Name = "Part Number"; Value = "XL-1608BGWC-06"; VariantName = "[No Variations]"
Added Component: Designator=J1(PLS-6x1)
Added Component: Designator=J2(Holes 2.54 2x8)
Added Component: Designator=J3(1054500101)
Add component (AddParameter): Name = "ComponentLink1Description"; Value = "Datasheet"; VariantName = "[No Variations]"
Add component (AddParameter): Name = "ComponentLink1URL"; Value = "https://www.molex.com/webdocs/datasheets/pdf/en-us/1054500101_IO_CONNECTORS.pdf"; VariantName = "[No Variations]"
Add component (AddParameter): Name = "Part Number"; Value = "1054500101"; VariantName = "[No Variations]"
Add component (AddParameter): Name = "Pin Count"; Value = "24"; VariantName = "[No Variations]"
Added Component: Designator=L1(1515 (4040) SMD Inductor)
Add component (AddParameter): Name = "ComponentLink1Description"; Value = "Datasheet"; VariantName = "[No Variations]"
Add component (AddParameter): Name = "ComponentLink1URL"; Value = "https://datasheet.lcsc.com/lcsc/2007281833_Murata-Electronics-FDSD0412-H-3R3M-P3_C560044.pdf"; VariantName = "[No Variations]"
Add component (AddParameter): Name = "Part Number"; Value = "FDSD0412-H-3R3M=P3"; VariantName = "[No Variations]"
Added Component: Designator=R1(0603 SMD Res)
Add component (AddParameter): Name = "ComponentLink1Description"; Value = "ChipDip"; VariantName = "[No Variations]"
Add component (AddParameter): Name = "ComponentLink1URL"; Value = "https://www.chipdip.ru/product/0.1w-0603-5.1-kom-1"; VariantName = "[No Variations]"
Add component (AddParameter): Name = "Part Number"; Value = "RC0603FR-075K1L"; VariantName = "[No Variations]"
Added Component: Designator=R2(0603 SMD Res)
Add component (AddParameter): Name = "ComponentLink1Description"; Value = "ChipDip"; VariantName = "[No Variations]"
Add component (AddParameter): Name = "ComponentLink1URL"; Value = "https://www.chipdip.ru/product/0.1w-0603-5.1-kom-1"; VariantName = "[No Variations]"
Add component (AddParameter): Name = "Part Number"; Value = "RC0603FR-075K1L"; VariantName = "[No Variations]"
Added Component: Designator=R3(0603 SMD Res)
Add component (AddParameter): Name = "Part Number"; Value = "RC0603FR-0710KL"; VariantName = "[No Variations]"
Added Component: Designator=R4(0603 SMD Res)
Add component (AddParameter): Name = "Part Number"; Value = "RC0603FR-0710KL"; VariantName = "[No Variations]"
Added Component: Designator=R5(0603 SMD Res)
Add component (AddParameter): Name = "ComponentLink1Description"; Value = "LCSC"; VariantName = "[No Variations]"
Add component (AddParameter): Name = "ComponentLink1URL"; Value = "https://lcsc.com/product-detail/Chip-Resistor-Surface-Mount_YAGEO-RC0603FR-0754K9L_C185321.html"; VariantName = "[No Variations]"
Add component (AddParameter): Name = "Part Number"; Value = "RC0603FR-0754K9L"; VariantName = "[No Variations]"
Added Component: Designator=R6(0603 SMD Res)
Add component (AddParameter): Name = "ComponentLink1Description"; Value = "LCSC"; VariantName = "[No Variations]"
Add component (AddParameter): Name = "ComponentLink1URL"; Value = "https://lcsc.com/product-detail/Chip-Resistor-Surface-Mount_YAGEO-AC0603FR-07698RL_C144640.html"; VariantName = "[No Variations]"
Add component (AddParameter): Name = "Part Number"; Value = "AC0603FR-07698RL"; VariantName = "[No Variations]"
Added Component: Designator=R7(0603 SMD Res)
Add component (AddParameter): Name = "Part Number"; Value = "RC0603FR-0710KL"; VariantName = "[No Variations]"
Added Component: Designator=R8(0603 SMD Res)
Add component (AddParameter): Name = "Part Number"; Value = "RC0603FR-072K49L"; VariantName = "[No Variations]"
Added Component: Designator=R9(0805 SMD Res)
Add component (AddParameter): Name = "ComponentLink1Description"; Value = "ChipDip"; VariantName = "[No Variations]"
Add component (AddParameter): Name = "ComponentLink1URL"; Value = "https://www.chipdip.ru/product0/8002021385"; VariantName = "[No Variations]"
Add component (AddParameter): Name = "Part Number"; Value = "RC0805FR-070RL"; VariantName = "[No Variations]"
Added Component: Designator=R10(0805 SMD Res)
Add component (AddParameter): Name = "ComponentLink1Description"; Value = "ChipDip"; VariantName = "[No Variations]"
Add component (AddParameter): Name = "ComponentLink1URL"; Value = "https://www.chipdip.ru/product0/8002021385"; VariantName = "[No Variations]"
Add component (AddParameter): Name = "Part Number"; Value = "RC0805FR-070RL"; VariantName = "[No Variations]"
Added Component: Designator=R11(0603 SMD Res)
Add component (AddParameter): Name = "ComponentLink1Description"; Value = "LCSC"; VariantName = "[No Variations]"
Add component (AddParameter): Name = "ComponentLink1URL"; Value = "https://lcsc.com/product-detail/Chip-Resistor-Surface-Mount_YAGEO-AC0603FR-07698RL_C144640.html"; VariantName = "[No Variations]"
Add component (AddParameter): Name = "Part Number"; Value = "AC0603FR-07698RL"; VariantName = "[No Variations]"
Added Component: Designator=R12(0603 SMD Res)
Add component (AddParameter): Name = "ComponentLink1Description"; Value = "LCSC"; VariantName = "[No Variations]"
Add component (AddParameter): Name = "ComponentLink1URL"; Value = "https://lcsc.com/product-detail/Chip-Resistor-Surface-Mount_YAGEO-AC0603FR-07698RL_C144640.html"; VariantName = "[No Variations]"
Add component (AddParameter): Name = "Part Number"; Value = "AC0603FR-07698RL"; VariantName = "[No Variations]"
Added Component: Designator=R13(0603 SMD Res)
Add component (AddParameter): Name = "Part Number"; Value = "RC0603FR-0710KL"; VariantName = "[No Variations]"
Added Component: Designator=R14(0603 SMD Res)
Add component (AddParameter): Name = "Part Number"; Value = "RC0603FR-0710KL"; VariantName = "[No Variations]"
Added Component: Designator=S1(B3U-1000P)
Add component (AddParameter): Name = "ComponentLink1Description"; Value = "Datasheet"; VariantName = "[No Variations]"
Add component (AddParameter): Name = "ComponentLink1URL"; Value = "https://components.omron.com.cn/sites/components.omron.com.cn/files/datasheet_pdf/A162-E1-CN.pdf"; VariantName = "[No Variations]"
Add component (AddParameter): Name = "Part Number"; Value = "B3U-1000P"; VariantName = "[No Variations]"
Added Component: Designator=U1_CAN_Interface1(SOIC-8)
Added Component: Designator=U1_CAN_Interface2(SOIC-8)
Added Component: Designator=U2(SOT23-6L)
Added Component: Designator=U3(SOT23-6L)
Add component (AddParameter): Name = "ComponentLink1Description"; Value = "Datasheet"; VariantName = "[No Variations]"
Add component (AddParameter): Name = "ComponentLink1URL"; Value = "https://www.ti.com/lit/ds/symlink/tps563201.pdf?ts=1668072977388"; VariantName = "[No Variations]"
Add component (AddParameter): Name = "Part Number"; Value = "TPS563201DDCR"; VariantName = "[No Variations]"
Added Component: Designator=U4(SOT23-3)
Add component (AddParameter): Name = "ComponentLink1Description"; Value = "Datasheet"; VariantName = "[No Variations]"
Add component (AddParameter): Name = "ComponentLink1URL"; Value = "https://static.chipdip.ru/lib/848/DOC018848972.pdf"; VariantName = "[No Variations]"
Add component (AddParameter): Name = "Part Number"; Value = "XC6206P332MR"; VariantName = "[No Variations]"
Added Component: Designator=U5(STM-LQFP64_V)
Add component (AddParameter): Name = "A/D Converter"; Value = "2x12-bit (16 Channel)"; VariantName = "[No Variations]"
Add component (AddParameter): Name = "ComponentLink1Description"; Value = "Manufacturer URL"; VariantName = "[No Variations]"
Add component (AddParameter): Name = "ComponentLink1URL"; Value = "http://www.st.com/web/en/home.html"; VariantName = "[No Variations]"
Add component (AddParameter): Name = "ComponentLink2Description"; Value = "Datasheet"; VariantName = "[No Variations]"
Add component (AddParameter): Name = "ComponentLink2URL"; Value = "http://www.st.com/st-web-ui/static/active/en/resource/technical/document/datasheet/CD00220364.pdf"; VariantName = "[No Variations]"
Add component (AddParameter): Name = "ComponentLink3Description"; Value = "Package Specification"; VariantName = "[No Variations]"
Add component (AddParameter): Name = "ComponentLink3URL"; Value = "http://www.st.com/st-web-ui/static/active/en/resource/technical/document/datasheet/DM00037051.pdf"; VariantName = "[No Variations]"
Add component (AddParameter): Name = "Core"; Value = "ARM Cortex-M3"; VariantName = "[No Variations]"
Add component (AddParameter): Name = "D/A Converter"; Value = "2x12-bit (2 Channel)"; VariantName = "[No Variations]"
Add component (AddParameter): Name = "DatasheetVersion"; Value = "Rev. 6"; VariantName = "[No Variations]"
Add component (AddParameter): Name = "FLASH Size (Prog) (kB)"; Value = "128"; VariantName = "[No Variations]"
Add component (AddParameter): Name = "I/Os (High Current)"; Value = "51"; VariantName = "[No Variations]"
Add component (AddParameter): Name = "Internal RAM Size (kB)"; Value = "64"; VariantName = "[No Variations]"
Add component (AddParameter): Name = "Mounting Technology"; Value = "Surface Mount"; VariantName = "[No Variations]"
Add component (AddParameter): Name = "Operating Frequency(F) (Processor speed) (MHz)"; Value = "72"; VariantName = "[No Variations]"
Add component (AddParameter): Name = "PackageDescription"; Value = "64-Pin Low Profile Quad Flat Package, 10 x 10 mm Body, 0.5 mm Pitch"; VariantName = "[No Variations]"
Add component (AddParameter): Name = "PackageReference"; Value = "LQFP64"; VariantName = "[No Variations]"
Add component (AddParameter): Name = "PackageVersion"; Value = "Rev. 4, 06/2013"; VariantName = "[No Variations]"
Add component (AddParameter): Name = "Packing"; Value = "Tray"; VariantName = "[No Variations]"
Add component (AddParameter): Name = "PartNumber"; Value = "STM32F105RBT6"; VariantName = "[No Variations]"
Add component (AddParameter): Name = "Supply Voltage(Vcc) min (V)"; Value = "2"; VariantName = "[No Variations]"
Added Component: Designator=X1(3215 SMD CRYSTAL)
Add component (AddParameter): Name = "ComponentLink1Description"; Value = "Datasheet"; VariantName = "[No Variations]"
Add component (AddParameter): Name = "ComponentLink1URL"; Value = "https://datasheet.lcsc.com/lcsc/1810171130_NDK-NX3215SA-32-768K-STD-MUA-14_C156244.pdf"; VariantName = "[No Variations]"
Add component (AddParameter): Name = "Part Number"; Value = "NX3215SA-32.768K-STD-MUA-14"; VariantName = "[No Variations]"
Added Component: Designator=X2(3225 SMD Crystal)
Add component (AddParameter): Name = "ComponentLink1Description"; Value = "Datasheet"; VariantName = "[No Variations]"
Add component (AddParameter): Name = "ComponentLink1URL"; Value = "https://datasheet.lcsc.com/lcsc/1912111437_TAE-Zhejiang-Abel-Elec-TAXM8M4RDBCCT2T_C400090.pdf"; VariantName = "[No Variations]"
Add component (AddParameter): Name = "Part Number"; Value = "TAXM8M4RDBCCT2T"; VariantName = "[No Variations]"
Added Pin To Net: NetName=GND Pin=C1_CAN_Interface1-1
Added Pin To Net: NetName=+5V Pin=C1_CAN_Interface1-2
Added Pin To Net: NetName=GND Pin=C1_CAN_Interface2-1
Added Pin To Net: NetName=+5V Pin=C1_CAN_Interface2-2
Added Pin To Net: NetName=GND Pin=C2-1
Added Pin To Net: NetName=+12V Pin=C2-2
Added Pin To Net: NetName=GND Pin=C3-1
Added Pin To Net: NetName=+12V Pin=C3-2
Added Pin To Net: NetName=NetC4_1 Pin=C4-1
Added Pin To Net: NetName=NetC4_2 Pin=C4-2
Added Pin To Net: NetName=GND Pin=C5-1
Added Pin To Net: NetName=+5V Pin=C5-2
Added Pin To Net: NetName=GND Pin=C6-1
Added Pin To Net: NetName=+5V Pin=C6-2
Added Pin To Net: NetName=GND Pin=C7-1
Added Pin To Net: NetName=+5V Pin=C7-2
Added Pin To Net: NetName=GND Pin=C8-1
Added Pin To Net: NetName=+3V3 Pin=C8-2
Added Pin To Net: NetName=+3V3 Pin=C9-1
Added Pin To Net: NetName=GND Pin=C9-2
Added Pin To Net: NetName=GND Pin=C10-1
Added Pin To Net: NetName=+3V3 Pin=C10-2
Added Pin To Net: NetName=GND Pin=C11-1
Added Pin To Net: NetName=+3V3 Pin=C11-2
Added Pin To Net: NetName=GND Pin=C12-1
Added Pin To Net: NetName=NetC12_2 Pin=C12-2
Added Pin To Net: NetName=GND Pin=C13-1
Added Pin To Net: NetName=NetC13_2 Pin=C13-2
Added Pin To Net: NetName=GND Pin=C14-1
Added Pin To Net: NetName=+3V3 Pin=C14-2
Added Pin To Net: NetName=GND Pin=C15-1
Added Pin To Net: NetName=+3V3 Pin=C15-2
Added Pin To Net: NetName=GND Pin=C16-1
Added Pin To Net: NetName=+3V3 Pin=C16-2
Added Pin To Net: NetName=GND Pin=C17-1
Added Pin To Net: NetName=+3V3 Pin=C17-2
Added Pin To Net: NetName=GND Pin=C18-1
Added Pin To Net: NetName=RESET Pin=C18-2
Added Pin To Net: NetName=NetC19_1 Pin=C19-1
Added Pin To Net: NetName=GND Pin=C19-2
Added Pin To Net: NetName=NetC20_1 Pin=C20-1
Added Pin To Net: NetName=GND Pin=C20-2
Added Pin To Net: NetName=+5V_USB Pin=D1-1
Added Pin To Net: NetName=+5V Pin=D1-2
Added Pin To Net: NetName=+3V3 Pin=D2-1
Added Pin To Net: NetName=NetD2_2 Pin=D2-2
Added Pin To Net: NetName=STATUS_LED1 Pin=D3-1
Added Pin To Net: NetName=NetD3_2 Pin=D3-2
Added Pin To Net: NetName=STATUS_LED2 Pin=D4-1
Added Pin To Net: NetName=NetD4_2 Pin=D4-2
Added Pin To Net: NetName=+3V3 Pin=J1-1
Added Pin To Net: NetName=JTCK_SWCLK Pin=J1-2
Added Pin To Net: NetName=JTMS_SWDIO Pin=J1-3
Added Pin To Net: NetName=JTDO_SWO Pin=J1-4
Added Pin To Net: NetName=JTDI Pin=J1-5
Added Pin To Net: NetName=GND Pin=J1-6
Added Pin To Net: NetName=MS_CAN_H Pin=J2-3
Added Pin To Net: NetName=GND Pin=J2-4
Added Pin To Net: NetName=GND Pin=J2-5
Added Pin To Net: NetName=HS_CAN_H Pin=J2-6
Added Pin To Net: NetName=MS_CAN_L Pin=J2-11
Added Pin To Net: NetName=HS_CAN_L Pin=J2-14
Added Pin To Net: NetName=+12V Pin=J2-16
Added Pin To Net: NetName=GND Pin=J3-1
Added Pin To Net: NetName=GND Pin=J3-2
Added Pin To Net: NetName=GND Pin=J3-3
Added Pin To Net: NetName=GND Pin=J3-4
Added Pin To Net: NetName=GND Pin=J3-A1
Added Pin To Net: NetName=+5V_USB Pin=J3-A4
Added Pin To Net: NetName=USB_CC1 Pin=J3-A5
Added Pin To Net: NetName=USB_DP_U Pin=J3-A6
Added Pin To Net: NetName=USB_DM_U Pin=J3-A7
Added Pin To Net: NetName=+5V_USB Pin=J3-A9
Added Pin To Net: NetName=GND Pin=J3-A12
Added Pin To Net: NetName=GND Pin=J3-B1
Added Pin To Net: NetName=+5V_USB Pin=J3-B4
Added Pin To Net: NetName=USB_DP_U Pin=J3-B6
Added Pin To Net: NetName=USB_DM_U Pin=J3-B7
Added Pin To Net: NetName=USB_CC2 Pin=J3-B8
Added Pin To Net: NetName=+5V_USB Pin=J3-B9
Added Pin To Net: NetName=GND Pin=J3-B12
Added Pin To Net: NetName=NetC4_2 Pin=L1-1
Added Pin To Net: NetName=+5V Pin=L1-2
Added Pin To Net: NetName=GND Pin=R1-1
Added Pin To Net: NetName=USB_CC1 Pin=R1-2
Added Pin To Net: NetName=GND Pin=R2-1
Added Pin To Net: NetName=USB_CC2 Pin=R2-2
Added Pin To Net: NetName=NetR3_1 Pin=R3-1
Added Pin To Net: NetName=+12V Pin=R3-2
Added Pin To Net: NetName=GND Pin=R4-1
Added Pin To Net: NetName=NetR4_2 Pin=R4-2
Added Pin To Net: NetName=+5V Pin=R5-1
Added Pin To Net: NetName=NetR4_2 Pin=R5-2
Added Pin To Net: NetName=NetD2_2 Pin=R6-1
Added Pin To Net: NetName=GND Pin=R6-2
Added Pin To Net: NetName=V_SENSE Pin=R7-1
Added Pin To Net: NetName=+12V Pin=R7-2
Added Pin To Net: NetName=GND Pin=R8-1
Added Pin To Net: NetName=V_SENSE Pin=R8-2
Added Pin To Net: NetName=NetR9_1 Pin=R9-1
Added Pin To Net: NetName=NetC12_2 Pin=R9-2
Added Pin To Net: NetName=NetC19_1 Pin=R10-1
Added Pin To Net: NetName=NetR10_2 Pin=R10-2
Added Pin To Net: NetName=GND Pin=R11-1
Added Pin To Net: NetName=NetD3_2 Pin=R11-2
Added Pin To Net: NetName=GND Pin=R12-1
Added Pin To Net: NetName=NetD4_2 Pin=R12-2
Added Pin To Net: NetName=GND Pin=R13-1
Added Pin To Net: NetName=BOOT0 Pin=R13-2
Added Pin To Net: NetName=GND Pin=R14-1
Added Pin To Net: NetName=BOOT1 Pin=R14-2
Added Pin To Net: NetName=RESET Pin=S1-1
Added Pin To Net: NetName=GND Pin=S1-2
Added Pin To Net: NetName=CAN1_TX Pin=U1_CAN_Interface1-1
Added Pin To Net: NetName=GND Pin=U1_CAN_Interface1-2
Added Pin To Net: NetName=+5V Pin=U1_CAN_Interface1-3
Added Pin To Net: NetName=CAN1_RX Pin=U1_CAN_Interface1-4
Added Pin To Net: NetName=HS_CAN_L Pin=U1_CAN_Interface1-6
Added Pin To Net: NetName=HS_CAN_H Pin=U1_CAN_Interface1-7
Added Pin To Net: NetName=CAN1_TXE Pin=U1_CAN_Interface1-8
Added Pin To Net: NetName=CAN2_TX Pin=U1_CAN_Interface2-1
Added Pin To Net: NetName=GND Pin=U1_CAN_Interface2-2
Added Pin To Net: NetName=+5V Pin=U1_CAN_Interface2-3
Added Pin To Net: NetName=CAN2_RX Pin=U1_CAN_Interface2-4
Added Pin To Net: NetName=MS_CAN_L Pin=U1_CAN_Interface2-6
Added Pin To Net: NetName=MS_CAN_H Pin=U1_CAN_Interface2-7
Added Pin To Net: NetName=CAN2_TXE Pin=U1_CAN_Interface2-8
Added Pin To Net: NetName=USB_DP_U Pin=U2-1
Added Pin To Net: NetName=GND Pin=U2-2
Added Pin To Net: NetName=USB_DM_U Pin=U2-3
Added Pin To Net: NetName=USB_DM Pin=U2-4
Added Pin To Net: NetName=+5V_USB Pin=U2-5
Added Pin To Net: NetName=USB_DP Pin=U2-6
Added Pin To Net: NetName=GND Pin=U3-1
Added Pin To Net: NetName=NetC4_2 Pin=U3-2
Added Pin To Net: NetName=+12V Pin=U3-3
Added Pin To Net: NetName=NetR4_2 Pin=U3-4
Added Pin To Net: NetName=NetR3_1 Pin=U3-5
Added Pin To Net: NetName=NetC4_1 Pin=U3-6
Added Pin To Net: NetName=GND Pin=U4-1
Added Pin To Net: NetName=+3V3 Pin=U4-2
Added Pin To Net: NetName=+5V Pin=U4-3
Added Pin To Net: NetName=+3V3 Pin=U5-1
Added Pin To Net: NetName=NetR9_1 Pin=U5-3
Added Pin To Net: NetName=NetC13_2 Pin=U5-4
Added Pin To Net: NetName=NetR10_2 Pin=U5-5
Added Pin To Net: NetName=NetC20_1 Pin=U5-6
Added Pin To Net: NetName=RESET Pin=U5-7
Added Pin To Net: NetName=V_SENSE Pin=U5-8
Added Pin To Net: NetName=GND Pin=U5-12
Added Pin To Net: NetName=+3V3 Pin=U5-13
Added Pin To Net: NetName=GND Pin=U5-18
Added Pin To Net: NetName=+3V3 Pin=U5-19
Added Pin To Net: NetName=STATUS_LED1 Pin=U5-22
Added Pin To Net: NetName=STATUS_LED2 Pin=U5-23
Added Pin To Net: NetName=BOOT1 Pin=U5-28
Added Pin To Net: NetName=CAN1_TXE Pin=U5-29
Added Pin To Net: NetName=GND Pin=U5-31
Added Pin To Net: NetName=+3V3 Pin=U5-32
Added Pin To Net: NetName=+5V_USB Pin=U5-42
Added Pin To Net: NetName=USB_DM Pin=U5-44
Added Pin To Net: NetName=USB_DP Pin=U5-45
Added Pin To Net: NetName=JTMS_SWDIO Pin=U5-46
Added Pin To Net: NetName=GND Pin=U5-47
Added Pin To Net: NetName=+3V3 Pin=U5-48
Added Pin To Net: NetName=JTCK_SWCLK Pin=U5-49
Added Pin To Net: NetName=JTDI Pin=U5-50
Added Pin To Net: NetName=JTDO_SWO Pin=U5-55
Added Pin To Net: NetName=CAN2_RX Pin=U5-57
Added Pin To Net: NetName=CAN2_TX Pin=U5-58
Added Pin To Net: NetName=CAN2_TXE Pin=U5-59
Added Pin To Net: NetName=BOOT0 Pin=U5-60
Added Pin To Net: NetName=CAN1_RX Pin=U5-61
Added Pin To Net: NetName=CAN1_TX Pin=U5-62
Added Pin To Net: NetName=GND Pin=U5-63
Added Pin To Net: NetName=+3V3 Pin=U5-64
Added Pin To Net: NetName=NetC13_2 Pin=X1-1
Add Pin To Net: Unknown Pin: Pin X1-3
Added Pin To Net: NetName=NetC20_1 Pin=X2-1
Added Pin To Net: NetName=NetC19_1 Pin=X2-3
Added Member To Class: ClassName=CAN_Interface1 Member=Component C1_CAN_Interface1 (C1) 100 nF
Added Member To Class: ClassName=CAN_Interface2 Member=Component C1_CAN_Interface2 (C1) 100 nF
Added Member To Class: ClassName=Power Supply Member=Component C2 10 uF
Added Member To Class: ClassName=Power Supply Member=Component C3 10 uF
Added Member To Class: ClassName=Power Supply Member=Component C4 100 nF
Added Member To Class: ClassName=Power Supply Member=Component C5 22 uF
Added Member To Class: ClassName=Power Supply Member=Component C6 22 uF
Added Member To Class: ClassName=Power Supply Member=Component C7 1 uF
Added Member To Class: ClassName=Power Supply Member=Component C8 1 uF
Added Member To Class: ClassName=Microcontroller Member=Component C9 100 nF
Added Member To Class: ClassName=Microcontroller Member=Component C10 1 uf
Added Member To Class: ClassName=Microcontroller Member=Component C11 100 nF
Added Member To Class: ClassName=Microcontroller Member=Component C12 12pf
Added Member To Class: ClassName=Microcontroller Member=Component C13 12pf
Added Member To Class: ClassName=Microcontroller Member=Component C14 100 nF
Added Member To Class: ClassName=Microcontroller Member=Component C15 100 nF
Added Member To Class: ClassName=Microcontroller Member=Component C16 100 nF
Added Member To Class: ClassName=Microcontroller Member=Component C17 1 uf
Added Member To Class: ClassName=Microcontroller Member=Component C18 100 nF
Added Member To Class: ClassName=Microcontroller Member=Component C19 10 pF
Added Member To Class: ClassName=Microcontroller Member=Component C20 10 pF
Added Member To Class: ClassName=Power Supply Member=Component D1 Diode Shottky SOD-323
Added Member To Class: ClassName=Power Supply Member=Component D2 LED White
Added Member To Class: ClassName=Microcontroller Member=Component D3 LED Green 0603
Added Member To Class: ClassName=Microcontroller Member=Component D4 LED Blue 0603
Added Member To Class: ClassName=Debug Interface Member=Component J1 2.54 6x1
Added Member To Class: ClassName=J1962 Member=Component J2 J1962
Added Member To Class: ClassName=USB Member=Component J3 1054500101
Added Member To Class: ClassName=Power Supply Member=Component L1 3.3 mH
Added Member To Class: ClassName=USB Member=Component R1 5.1k
Added Member To Class: ClassName=USB Member=Component R2 5.1k
Added Member To Class: ClassName=Power Supply Member=Component R3 10k
Added Member To Class: ClassName=Power Supply Member=Component R4 10k
Added Member To Class: ClassName=Power Supply Member=Component R5 54.9k
Added Member To Class: ClassName=Power Supply Member=Component R6 698
Added Member To Class: ClassName=Microcontroller Member=Component R7 10k
Added Member To Class: ClassName=Microcontroller Member=Component R8 2.49k
Added Member To Class: ClassName=Microcontroller Member=Component R9 0
Added Member To Class: ClassName=Microcontroller Member=Component R10 0
Added Member To Class: ClassName=Microcontroller Member=Component R11 698
Added Member To Class: ClassName=Microcontroller Member=Component R12 698
Added Member To Class: ClassName=Microcontroller Member=Component R13 10k
Added Member To Class: ClassName=Microcontroller Member=Component R14 10k
Added Member To Class: ClassName=Microcontroller Member=Component S1 SPST Switch
Added Member To Class: ClassName=CAN_Interface1 Member=Component U1_CAN_Interface1 (U1) TJA1050
Added Member To Class: ClassName=CAN_Interface2 Member=Component U1_CAN_Interface2 (U1) TJA1050
Added Member To Class: ClassName=USB Member=Component U2 USBLC6-2
Added Member To Class: ClassName=Power Supply Member=Component U3 TPS563201
Added Member To Class: ClassName=Power Supply Member=Component U4 XC6206P332MR
Added Member To Class: ClassName=Microcontroller Member=Component U5 STM32F105RBT6
Added Member To Class: ClassName=Microcontroller Member=Component X1 32.768MHz
Added Member To Class: ClassName=Microcontroller Member=Component X2 8MHz
Added Member To Class: ClassName=CAN Interface Member=CAN_Interface2 (CAN Interface.SchDoc)
Added Room: Name=CAN_Interface1
Added Room: Name=CAN_Interface2
Added Room: Name=Debug Interface
Added Room: Name=J1962
Added Room: Name=Microcontroller
Added Room: Name=Power Supply
Added Room: Name=USB
